Start testing: Mar 13 03:52 MSK
----------------------------------------------------------
1/2 Testing: /mnt/windows/media/programs/CppBitonic_sort/tests/e2e/io/001.dat
1/2 Test: /mnt/windows/media/programs/CppBitonic_sort/tests/e2e/io/001.dat
Command: "/usr/bin/bash" "-c" "/mnt/windows/media/programs/CppBitonic_sort/tests/e2e/run.sh /mnt/windows/media/programs/CppBitonic_sort/tests/e2e/io/001.dat ./main"
Directory: /mnt/windows/media/programs/CppBitonic_sort/build
"/mnt/windows/media/programs/CppBitonic_sort/tests/e2e/io/001.dat" start time: Mar 13 03:52 MSK
Output:
----------------------------------------------------------
Test 001.dat passed
<end of output>
Test time =   0.11 sec
----------------------------------------------------------
Test Passed.
"/mnt/windows/media/programs/CppBitonic_sort/tests/e2e/io/001.dat" end time: Mar 13 03:52 MSK
"/mnt/windows/media/programs/CppBitonic_sort/tests/e2e/io/001.dat" time elapsed: 00:00:00
----------------------------------------------------------

2/2 Testing: /mnt/windows/media/programs/CppBitonic_sort/tests/e2e/io/002.dat
2/2 Test: /mnt/windows/media/programs/CppBitonic_sort/tests/e2e/io/002.dat
Command: "/usr/bin/bash" "-c" "/mnt/windows/media/programs/CppBitonic_sort/tests/e2e/run.sh /mnt/windows/media/programs/CppBitonic_sort/tests/e2e/io/002.dat ./main"
Directory: /mnt/windows/media/programs/CppBitonic_sort/build
"/mnt/windows/media/programs/CppBitonic_sort/tests/e2e/io/002.dat" start time: Mar 13 03:52 MSK
Output:
----------------------------------------------------------
Test 002.dat passed
<end of output>
Test time =   0.11 sec
----------------------------------------------------------
Test Passed.
"/mnt/windows/media/programs/CppBitonic_sort/tests/e2e/io/002.dat" end time: Mar 13 03:52 MSK
"/mnt/windows/media/programs/CppBitonic_sort/tests/e2e/io/002.dat" time elapsed: 00:00:00
----------------------------------------------------------

End testing: Mar 13 03:52 MSK
